[0m19:54:32.664835 [debug] [MainThread]: Sending event: {'category': 'dbt', 'action': 'invocation', 'label': 'start', 'context': [<snowplow_tracker.self_describing_json.SelfDescribingJson object at 0x7f1081f53220>, <snowplow_tracker.self_describing_json.SelfDescribingJson object at 0x7f1080942100>, <snowplow_tracker.self_describing_json.SelfDescribingJson object at 0x7f1080776850>]}


============================== 19:54:32.668240 | 254e5ee6-ec94-4a81-a7ac-2621713567dc ==============================
[0m19:54:32.668240 [info ] [MainThread]: Running with dbt=1.8.7
[0m19:54:32.669033 [debug] [MainThread]: running dbt with arguments {'printer_width': '80', 'indirect_selection': 'eager', 'write_json': 'True', 'log_cache_events': 'False', 'partial_parse': 'True', 'cache_selected_only': 'False', 'warn_error': 'None', 'fail_fast': 'False', 'version_check': 'True', 'log_path': 'logs', 'debug': 'False', 'profiles_dir': '/home/wanyua/.dbt', 'use_colors': 'True', 'use_experimental_parser': 'False', 'no_print': 'None', 'quiet': 'False', 'empty': 'None', 'log_format': 'default', 'invocation_command': 'dbt init', 'introspect': 'True', 'warn_error_options': 'WarnErrorOptions(include=[], exclude=[])', 'target_path': 'None', 'static_parser': 'True', 'send_anonymous_usage_stats': 'True'}
[0m19:54:47.228694 [debug] [MainThread]: Starter project path: /home/wanyua/Dev/Data_Engineering/real-time-data-streaming-pipepine/elt_pipeline/dbt-env/lib/python3.8/site-packages/dbt/include/starter_project
[0m19:54:47.237099 [info ] [MainThread]: 
Your new dbt project "custom_postgres" was created!

For more information on how to configure the profiles.yml file,
please consult the dbt documentation here:

  https://docs.getdbt.com/docs/configure-your-profile

One more thing:

Need help? Don't hesitate to reach out to us via GitHub issues or on Slack:

  https://community.getdbt.com/

Happy modeling!

[0m19:54:47.238133 [info ] [MainThread]: Setting up your profile.
[0m19:56:00.412280 [info ] [MainThread]: Profile custom_postgres written to /home/wanyua/.dbt/profiles.yml using target's profile_template.yml and your supplied values. Run 'dbt debug' to validate the connection.
[0m19:56:00.415205 [debug] [MainThread]: Resource report: {"command_name": "init", "command_success": true, "command_wall_clock_time": 87.81801, "process_user_time": 1.400855, "process_kernel_time": 0.064222, "process_mem_max_rss": "86792", "process_out_blocks": "88", "process_in_blocks": "0"}
[0m19:56:00.416808 [debug] [MainThread]: Command `dbt init` succeeded at 19:56:00.416554 after 87.82 seconds
[0m19:56:00.417435 [debug] [MainThread]: Sending event: {'category': 'dbt', 'action': 'invocation', 'label': 'end', 'context': [<snowplow_tracker.self_describing_json.SelfDescribingJson object at 0x7f1081f53220>, <snowplow_tracker.self_describing_json.SelfDescribingJson object at 0x7f1080727f10>, <snowplow_tracker.self_describing_json.SelfDescribingJson object at 0x7f1080942100>]}
[0m19:56:00.418126 [debug] [MainThread]: Flushing usage events
[0m19:56:01.857452 [debug] [MainThread]: An error was encountered while trying to flush usage events
